<?xml version="1.0" encoding="UTF-8"?>
<testsuite xmlns:xsi="http://www.w3.org/2001/XMLSchema-instance" xsi:noNamespaceSchemaLocation="https://maven.apache.org/surefire/maven-surefire-plugin/xsd/surefire-test-report-3.0.xsd" version="3.0" name="restapianalyzer.AppTest" time="0.086" tests="1" errors="0" skipped="0" failures="0">
  <properties>
    <property name="java.specification.version" value="18"/>
    <property name="sun.jnu.encoding" value="UTF-8"/>
    <property name="java.class.path" value="/home/daniel/Desktop/Projektarbeit-Master/demo/target/test-classes:/home/daniel/Desktop/Projektarbeit-Master/demo/target/classes:/home/daniel/.m2/repository/org/junit/jupiter/junit-jupiter-api/5.6.0/junit-jupiter-api-5.6.0.jar:/home/daniel/.m2/repository/org/apiguardian/apiguardian-api/1.1.0/apiguardian-api-1.1.0.jar:/home/daniel/.m2/repository/org/opentest4j/opentest4j/1.2.0/opentest4j-1.2.0.jar:/home/daniel/.m2/repository/org/junit/platform/junit-platform-commons/1.6.0/junit-platform-commons-1.6.0.jar:/home/daniel/.m2/repository/org/junit/jupiter/junit-jupiter-engine/5.6.0/junit-jupiter-engine-5.6.0.jar:/home/daniel/.m2/repository/org/junit/platform/junit-platform-engine/1.6.0/junit-platform-engine-1.6.0.jar:/home/daniel/.m2/repository/io/swagger/parser/v3/swagger-parser/2.1.1/swagger-parser-2.1.1.jar:/home/daniel/.m2/repository/io/swagger/parser/v3/swagger-parser-v2-converter/2.1.1/swagger-parser-v2-converter-2.1.1.jar:/home/daniel/.m2/repository/io/swagger/swagger-core/1.6.6/swagger-core-1.6.6.jar:/home/daniel/.m2/repository/org/apache/commons/commons-lang3/3.2.1/commons-lang3-3.2.1.jar:/home/daniel/.m2/repository/org/slf4j/slf4j-api/1.7.22/slf4j-api-1.7.22.jar:/home/daniel/.m2/repository/io/swagger/swagger-models/1.6.6/swagger-models-1.6.6.jar:/home/daniel/.m2/repository/io/swagger/swagger-annotations/1.6.6/swagger-annotations-1.6.6.jar:/home/daniel/.m2/repository/com/google/guava/guava/31.0.1-android/guava-31.0.1-android.jar:/home/daniel/.m2/repository/com/google/guava/failureaccess/1.0.1/failureaccess-1.0.1.jar:/home/daniel/.m2/repository/com/google/guava/listenablefuture/9999.0-empty-to-avoid-conflict-with-guava/listenablefuture-9999.0-empty-to-avoid-conflict-with-guava.jar:/home/daniel/.m2/repository/com/google/code/findbugs/jsr305/3.0.2/jsr305-3.0.2.jar:/home/daniel/.m2/repository/org/checkerframework/checker-qual/3.12.0/checker-qual-3.12.0.jar:/home/daniel/.m2/repository/org/checkerframework/checker-compat-qual/2.5.5/checker-compat-qual-2.5.5.jar:/home/daniel/.m2/repository/com/google/errorprone/error_prone_annotations/2.7.1/error_prone_annotations-2.7.1.jar:/home/daniel/.m2/repository/com/google/j2objc/j2objc-annotations/1.3/j2objc-annotations-1.3.jar:/home/daniel/.m2/repository/javax/validation/validation-api/1.1.0.Final/validation-api-1.1.0.Final.jar:/home/daniel/.m2/repository/io/swagger/swagger-parser/1.0.61/swagger-parser-1.0.61.jar:/home/daniel/.m2/repository/io/swagger/swagger-compat-spec-parser/1.0.61/swagger-compat-spec-parser-1.0.61.jar:/home/daniel/.m2/repository/com/github/java-json-tools/json-schema-validator/2.2.14/json-schema-validator-2.2.14.jar:/home/daniel/.m2/repository/com/github/java-json-tools/jackson-coreutils-equivalence/1.0/jackson-coreutils-equivalence-1.0.jar:/home/daniel/.m2/repository/com/github/java-json-tools/json-schema-core/1.2.14/json-schema-core-1.2.14.jar:/home/daniel/.m2/repository/com/github/java-json-tools/uri-template/0.10/uri-template-0.10.jar:/home/daniel/.m2/repository/org/mozilla/rhino/1.7.7.2/rhino-1.7.7.2.jar:/home/daniel/.m2/repository/com/sun/mail/mailapi/1.6.2/mailapi-1.6.2.jar:/home/daniel/.m2/repository/joda-time/joda-time/2.10.5/joda-time-2.10.5.jar:/home/daniel/.m2/repository/com/googlecode/libphonenumber/libphonenumber/8.11.1/libphonenumber-8.11.1.jar:/home/daniel/.m2/repository/net/sf/jopt-simple/jopt-simple/5.0.4/jopt-simple-5.0.4.jar:/home/daniel/.m2/repository/com/github/java-json-tools/json-patch/1.13/json-patch-1.13.jar:/home/daniel/.m2/repository/com/github/java-json-tools/msg-simple/1.2/msg-simple-1.2.jar:/home/daniel/.m2/repository/com/github/java-json-tools/btf/1.3/btf-1.3.jar:/home/daniel/.m2/repository/com/github/java-json-tools/jackson-coreutils/2.0/jackson-coreutils-2.0.jar:/home/daniel/.m2/repository/org/apache/httpcomponents/httpclient/4.5.13/httpclient-4.5.13.jar:/home/daniel/.m2/repository/org/apache/httpcomponents/httpcore/4.4.13/httpcore-4.4.13.jar:/home/daniel/.m2/repository/commons-logging/commons-logging/1.2/commons-logging-1.2.jar:/home/daniel/.m2/repository/commons-codec/commons-codec/1.11/commons-codec-1.11.jar:/home/daniel/.m2/repository/io/swagger/core/v3/swagger-models/2.2.1/swagger-models-2.2.1.jar:/home/daniel/.m2/repository/io/swagger/parser/v3/swagger-parser-core/2.1.1/swagger-parser-core-2.1.1.jar:/home/daniel/.m2/repository/io/swagger/parser/v3/swagger-parser-v3/2.1.1/swagger-parser-v3-2.1.1.jar:/home/daniel/.m2/repository/io/swagger/core/v3/swagger-core/2.2.1/swagger-core-2.2.1.jar:/home/daniel/.m2/repository/jakarta/xml/bind/jakarta.xml.bind-api/2.3.2/jakarta.xml.bind-api-2.3.2.jar:/home/daniel/.m2/repository/jakarta/activation/jakarta.activation-api/1.2.1/jakarta.activation-api-1.2.1.jar:/home/daniel/.m2/repository/com/fasterxml/jackson/datatype/jackson-datatype-jsr310/2.13.2/jackson-datatype-jsr310-2.13.2.jar:/home/daniel/.m2/repository/io/swagger/core/v3/swagger-annotations/2.2.1/swagger-annotations-2.2.1.jar:/home/daniel/.m2/repository/jakarta/validation/jakarta.validation-api/2.0.2/jakarta.validation-api-2.0.2.jar:/home/daniel/.m2/repository/com/fasterxml/jackson/core/jackson-annotations/2.13.2/jackson-annotations-2.13.2.jar:/home/daniel/.m2/repository/com/fasterxml/jackson/core/jackson-databind/2.13.2.2/jackson-databind-2.13.2.2.jar:/home/daniel/.m2/repository/com/fasterxml/jackson/core/jackson-core/2.13.2/jackson-core-2.13.2.jar:/home/daniel/.m2/repository/com/fasterxml/jackson/dataformat/jackson-dataformat-yaml/2.13.2/jackson-dataformat-yaml-2.13.2.jar:/home/daniel/.m2/repository/org/yaml/snakeyaml/1.30/snakeyaml-1.30.jar:/home/daniel/.m2/repository/commons-io/commons-io/2.11.0/commons-io-2.11.0.jar:"/>
    <property name="java.vm.vendor" value="Private Build"/>
    <property name="sun.arch.data.model" value="64"/>
    <property name="java.vendor.url" value="Unknown"/>
    <property name="os.name" value="Linux"/>
    <property name="java.vm.specification.version" value="18"/>
    <property name="sun.java.launcher" value="SUN_STANDARD"/>
    <property name="user.country" value="US"/>
    <property name="sun.boot.library.path" value="/usr/lib/jvm/java-18-openjdk-amd64/lib"/>
    <property name="sun.java.command" value="/home/daniel/Desktop/Projektarbeit-Master/demo/target/surefire/surefirebooter17961324004482694470.jar /home/daniel/Desktop/Projektarbeit-Master/demo/target/surefire 2022-06-28T13-52-37_623-jvmRun1 surefire15125023253009386436tmp surefire_02222718830940081724tmp"/>
    <property name="jdk.debug" value="release"/>
    <property name="surefire.test.class.path" value="/home/daniel/Desktop/Projektarbeit-Master/demo/target/test-classes:/home/daniel/Desktop/Projektarbeit-Master/demo/target/classes:/home/daniel/.m2/repository/org/junit/jupiter/junit-jupiter-api/5.6.0/junit-jupiter-api-5.6.0.jar:/home/daniel/.m2/repository/org/apiguardian/apiguardian-api/1.1.0/apiguardian-api-1.1.0.jar:/home/daniel/.m2/repository/org/opentest4j/opentest4j/1.2.0/opentest4j-1.2.0.jar:/home/daniel/.m2/repository/org/junit/platform/junit-platform-commons/1.6.0/junit-platform-commons-1.6.0.jar:/home/daniel/.m2/repository/org/junit/jupiter/junit-jupiter-engine/5.6.0/junit-jupiter-engine-5.6.0.jar:/home/daniel/.m2/repository/org/junit/platform/junit-platform-engine/1.6.0/junit-platform-engine-1.6.0.jar:/home/daniel/.m2/repository/io/swagger/parser/v3/swagger-parser/2.1.1/swagger-parser-2.1.1.jar:/home/daniel/.m2/repository/io/swagger/parser/v3/swagger-parser-v2-converter/2.1.1/swagger-parser-v2-converter-2.1.1.jar:/home/daniel/.m2/repository/io/swagger/swagger-core/1.6.6/swagger-core-1.6.6.jar:/home/daniel/.m2/repository/org/apache/commons/commons-lang3/3.2.1/commons-lang3-3.2.1.jar:/home/daniel/.m2/repository/org/slf4j/slf4j-api/1.7.22/slf4j-api-1.7.22.jar:/home/daniel/.m2/repository/io/swagger/swagger-models/1.6.6/swagger-models-1.6.6.jar:/home/daniel/.m2/repository/io/swagger/swagger-annotations/1.6.6/swagger-annotations-1.6.6.jar:/home/daniel/.m2/repository/com/google/guava/guava/31.0.1-android/guava-31.0.1-android.jar:/home/daniel/.m2/repository/com/google/guava/failureaccess/1.0.1/failureaccess-1.0.1.jar:/home/daniel/.m2/repository/com/google/guava/listenablefuture/9999.0-empty-to-avoid-conflict-with-guava/listenablefuture-9999.0-empty-to-avoid-conflict-with-guava.jar:/home/daniel/.m2/repository/com/google/code/findbugs/jsr305/3.0.2/jsr305-3.0.2.jar:/home/daniel/.m2/repository/org/checkerframework/checker-qual/3.12.0/checker-qual-3.12.0.jar:/home/daniel/.m2/repository/org/checkerframework/checker-compat-qual/2.5.5/checker-compat-qual-2.5.5.jar:/home/daniel/.m2/repository/com/google/errorprone/error_prone_annotations/2.7.1/error_prone_annotations-2.7.1.jar:/home/daniel/.m2/repository/com/google/j2objc/j2objc-annotations/1.3/j2objc-annotations-1.3.jar:/home/daniel/.m2/repository/javax/validation/validation-api/1.1.0.Final/validation-api-1.1.0.Final.jar:/home/daniel/.m2/repository/io/swagger/swagger-parser/1.0.61/swagger-parser-1.0.61.jar:/home/daniel/.m2/repository/io/swagger/swagger-compat-spec-parser/1.0.61/swagger-compat-spec-parser-1.0.61.jar:/home/daniel/.m2/repository/com/github/java-json-tools/json-schema-validator/2.2.14/json-schema-validator-2.2.14.jar:/home/daniel/.m2/repository/com/github/java-json-tools/jackson-coreutils-equivalence/1.0/jackson-coreutils-equivalence-1.0.jar:/home/daniel/.m2/repository/com/github/java-json-tools/json-schema-core/1.2.14/json-schema-core-1.2.14.jar:/home/daniel/.m2/repository/com/github/java-json-tools/uri-template/0.10/uri-template-0.10.jar:/home/daniel/.m2/repository/org/mozilla/rhino/1.7.7.2/rhino-1.7.7.2.jar:/home/daniel/.m2/repository/com/sun/mail/mailapi/1.6.2/mailapi-1.6.2.jar:/home/daniel/.m2/repository/joda-time/joda-time/2.10.5/joda-time-2.10.5.jar:/home/daniel/.m2/repository/com/googlecode/libphonenumber/libphonenumber/8.11.1/libphonenumber-8.11.1.jar:/home/daniel/.m2/repository/net/sf/jopt-simple/jopt-simple/5.0.4/jopt-simple-5.0.4.jar:/home/daniel/.m2/repository/com/github/java-json-tools/json-patch/1.13/json-patch-1.13.jar:/home/daniel/.m2/repository/com/github/java-json-tools/msg-simple/1.2/msg-simple-1.2.jar:/home/daniel/.m2/repository/com/github/java-json-tools/btf/1.3/btf-1.3.jar:/home/daniel/.m2/repository/com/github/java-json-tools/jackson-coreutils/2.0/jackson-coreutils-2.0.jar:/home/daniel/.m2/repository/org/apache/httpcomponents/httpclient/4.5.13/httpclient-4.5.13.jar:/home/daniel/.m2/repository/org/apache/httpcomponents/httpcore/4.4.13/httpcore-4.4.13.jar:/home/daniel/.m2/repository/commons-logging/commons-logging/1.2/commons-logging-1.2.jar:/home/daniel/.m2/repository/commons-codec/commons-codec/1.11/commons-codec-1.11.jar:/home/daniel/.m2/repository/io/swagger/core/v3/swagger-models/2.2.1/swagger-models-2.2.1.jar:/home/daniel/.m2/repository/io/swagger/parser/v3/swagger-parser-core/2.1.1/swagger-parser-core-2.1.1.jar:/home/daniel/.m2/repository/io/swagger/parser/v3/swagger-parser-v3/2.1.1/swagger-parser-v3-2.1.1.jar:/home/daniel/.m2/repository/io/swagger/core/v3/swagger-core/2.2.1/swagger-core-2.2.1.jar:/home/daniel/.m2/repository/jakarta/xml/bind/jakarta.xml.bind-api/2.3.2/jakarta.xml.bind-api-2.3.2.jar:/home/daniel/.m2/repository/jakarta/activation/jakarta.activation-api/1.2.1/jakarta.activation-api-1.2.1.jar:/home/daniel/.m2/repository/com/fasterxml/jackson/datatype/jackson-datatype-jsr310/2.13.2/jackson-datatype-jsr310-2.13.2.jar:/home/daniel/.m2/repository/io/swagger/core/v3/swagger-annotations/2.2.1/swagger-annotations-2.2.1.jar:/home/daniel/.m2/repository/jakarta/validation/jakarta.validation-api/2.0.2/jakarta.validation-api-2.0.2.jar:/home/daniel/.m2/repository/com/fasterxml/jackson/core/jackson-annotations/2.13.2/jackson-annotations-2.13.2.jar:/home/daniel/.m2/repository/com/fasterxml/jackson/core/jackson-databind/2.13.2.2/jackson-databind-2.13.2.2.jar:/home/daniel/.m2/repository/com/fasterxml/jackson/core/jackson-core/2.13.2/jackson-core-2.13.2.jar:/home/daniel/.m2/repository/com/fasterxml/jackson/dataformat/jackson-dataformat-yaml/2.13.2/jackson-dataformat-yaml-2.13.2.jar:/home/daniel/.m2/repository/org/yaml/snakeyaml/1.30/snakeyaml-1.30.jar:/home/daniel/.m2/repository/commons-io/commons-io/2.11.0/commons-io-2.11.0.jar:"/>
    <property name="sun.cpu.endian" value="little"/>
    <property name="user.home" value="/home/daniel"/>
    <property name="user.language" value="en"/>
    <property name="java.specification.vendor" value="Oracle Corporation"/>
    <property name="java.version.date" value="2022-03-22"/>
    <property name="java.home" value="/usr/lib/jvm/java-18-openjdk-amd64"/>
    <property name="file.separator" value="/"/>
    <property name="basedir" value="/home/daniel/Desktop/Projektarbeit-Master/demo"/>
    <property name="java.vm.compressedOopsMode" value="32-bit"/>
    <property name="line.separator" value="&#10;"/>
    <property name="java.vm.specification.vendor" value="Oracle Corporation"/>
    <property name="java.specification.name" value="Java Platform API Specification"/>
    <property name="surefire.real.class.path" value="/home/daniel/Desktop/Projektarbeit-Master/demo/target/surefire/surefirebooter17961324004482694470.jar"/>
    <property name="sun.management.compiler" value="HotSpot 64-Bit Tiered Compilers"/>
    <property name="java.runtime.version" value="18-ea+36-Ubuntu-1"/>
    <property name="user.name" value="daniel"/>
    <property name="path.separator" value=":"/>
    <property name="os.version" value="5.15.0-40-generic"/>
    <property name="java.runtime.name" value="OpenJDK Runtime Environment"/>
    <property name="file.encoding" value="UTF-8"/>
    <property name="java.vm.name" value="OpenJDK 64-Bit Server VM"/>
    <property name="localRepository" value="/home/daniel/.m2/repository"/>
    <property name="java.vendor.url.bug" value="Unknown"/>
    <property name="java.io.tmpdir" value="/tmp"/>
    <property name="java.version" value="18-ea"/>
    <property name="user.dir" value="/home/daniel/Desktop/Projektarbeit-Master/demo"/>
    <property name="os.arch" value="amd64"/>
    <property name="java.vm.specification.name" value="Java Virtual Machine Specification"/>
    <property name="native.encoding" value="UTF-8"/>
    <property name="java.library.path" value="/usr/java/packages/lib:/usr/lib/x86_64-linux-gnu/jni:/lib/x86_64-linux-gnu:/usr/lib/x86_64-linux-gnu:/usr/lib/jni:/lib:/usr/lib"/>
    <property name="java.vm.info" value="mixed mode, sharing"/>
    <property name="java.vendor" value="Private Build"/>
    <property name="java.vm.version" value="18-ea+36-Ubuntu-1"/>
    <property name="sun.io.unicode.encoding" value="UnicodeLittle"/>
    <property name="java.class.version" value="62.0"/>
  </properties>
  <testcase name="testApp" classname="restapianalyzer.AppTest" time="0.062"/>
</testsuite>